[2022-05-26 20:36:36,408] INFO Reading configuration from: .\config\zookeeper.properties (org.apache.zookeeper.server.quorum.QuorumPeerConfig)
[2022-05-26 20:36:36,424] INFO clientPortAddress is 0.0.0.0:2181 (org.apache.zookeeper.server.quorum.QuorumPeerConfig)
[2022-05-26 20:36:36,424] INFO secureClientPort is not set (org.apache.zookeeper.server.quorum.QuorumPeerConfig)
[2022-05-26 20:36:36,425] INFO observerMasterPort is not set (org.apache.zookeeper.server.quorum.QuorumPeerConfig)
[2022-05-26 20:36:36,425] INFO metricsProvider.className is org.apache.zookeeper.metrics.impl.DefaultMetricsProvider (org.apache.zookeeper.server.quorum.QuorumPeerConfig)
[2022-05-26 20:36:36,429] INFO autopurge.snapRetainCount set to 3 (org.apache.zookeeper.server.DatadirCleanupManager)
[2022-05-26 20:36:36,430] INFO autopurge.purgeInterval set to 0 (org.apache.zookeeper.server.DatadirCleanupManager)
[2022-05-26 20:36:36,430] INFO Purge task is not scheduled. (org.apache.zookeeper.server.DatadirCleanupManager)
[2022-05-26 20:36:36,431] WARN Either no config or no quorum defined in config, running in standalone mode (org.apache.zookeeper.server.quorum.QuorumPeerMain)
[2022-05-26 20:36:36,433] INFO Log4j 1.2 jmx support not found; jmx disabled. (org.apache.zookeeper.jmx.ManagedUtil)
[2022-05-26 20:36:36,434] INFO Reading configuration from: .\config\zookeeper.properties (org.apache.zookeeper.server.quorum.QuorumPeerConfig)
[2022-05-26 20:36:36,435] INFO clientPortAddress is 0.0.0.0:2181 (org.apache.zookeeper.server.quorum.QuorumPeerConfig)
[2022-05-26 20:36:36,435] INFO secureClientPort is not set (org.apache.zookeeper.server.quorum.QuorumPeerConfig)
[2022-05-26 20:36:36,436] INFO observerMasterPort is not set (org.apache.zookeeper.server.quorum.QuorumPeerConfig)
[2022-05-26 20:36:36,437] INFO metricsProvider.className is org.apache.zookeeper.metrics.impl.DefaultMetricsProvider (org.apache.zookeeper.server.quorum.QuorumPeerConfig)
[2022-05-26 20:36:36,437] INFO Starting server (org.apache.zookeeper.server.ZooKeeperServerMain)
[2022-05-26 20:36:36,457] INFO ServerMetrics initialized with provider org.apache.zookeeper.metrics.impl.DefaultMetricsProvider@7219ec67 (org.apache.zookeeper.server.ServerMetrics)
[2022-05-26 20:36:36,463] INFO zookeeper.snapshot.trust.empty : false (org.apache.zookeeper.server.persistence.FileTxnSnapLog)
[2022-05-26 20:36:36,479] INFO  (org.apache.zookeeper.server.ZooKeeperServer)
[2022-05-26 20:36:36,479] INFO   ______                  _                                           (org.apache.zookeeper.server.ZooKeeperServer)
[2022-05-26 20:36:36,480] INFO  |___  /                 | |                                          (org.apache.zookeeper.server.ZooKeeperServer)
[2022-05-26 20:36:36,483] INFO     / /    ___     ___   | | __   ___    ___   _ __     ___   _ __    (org.apache.zookeeper.server.ZooKeeperServer)
[2022-05-26 20:36:36,483] INFO    / /    / _ \   / _ \  | |/ /  / _ \  / _ \ | '_ \   / _ \ | '__| (org.apache.zookeeper.server.ZooKeeperServer)
[2022-05-26 20:36:36,484] INFO   / /__  | (_) | | (_) | |   <  |  __/ |  __/ | |_) | |  __/ | |     (org.apache.zookeeper.server.ZooKeeperServer)
[2022-05-26 20:36:36,484] INFO  /_____|  \___/   \___/  |_|\_\  \___|  \___| | .__/   \___| |_| (org.apache.zookeeper.server.ZooKeeperServer)
[2022-05-26 20:36:36,485] INFO                                               | |                      (org.apache.zookeeper.server.ZooKeeperServer)
[2022-05-26 20:36:36,485] INFO                                               |_|                      (org.apache.zookeeper.server.ZooKeeperServer)
[2022-05-26 20:36:36,486] INFO  (org.apache.zookeeper.server.ZooKeeperServer)
[2022-05-26 20:36:36,493] INFO Server environment:zookeeper.version=3.6.3--6401e4ad2087061bc6b9f80dec2d69f2e3c8660a, built on 04/08/2021 16:35 GMT (org.apache.zookeeper.server.ZooKeeperServer)
[2022-05-26 20:36:36,494] INFO Server environment:host.name=10.100.227.161 (org.apache.zookeeper.server.ZooKeeperServer)
[2022-05-26 20:36:36,494] INFO Server environment:java.version=18.0.1.1 (org.apache.zookeeper.server.ZooKeeperServer)
[2022-05-26 20:36:36,495] INFO Server environment:java.vendor=Oracle Corporation (org.apache.zookeeper.server.ZooKeeperServer)
[2022-05-26 20:36:36,496] INFO Server environment:java.home=C:\Program Files\Java\jdk-18.0.1.1 (org.apache.zookeeper.server.ZooKeeperServer)
[2022-05-26 20:36:36,496] INFO Server environment:java.class.path=C:\kafka\kafka_2.12-3.2.0\libs\activation-1.1.1.jar;C:\kafka\kafka_2.12-3.2.0\libs\aopalliance-repackaged-2.6.1.jar;C:\kafka\kafka_2.12-3.2.0\libs\argparse4j-0.7.0.jar;C:\kafka\kafka_2.12-3.2.0\libs\audience-annotations-0.5.0.jar;C:\kafka\kafka_2.12-3.2.0\libs\commons-cli-1.4.jar;C:\kafka\kafka_2.12-3.2.0\libs\commons-lang3-3.8.1.jar;C:\kafka\kafka_2.12-3.2.0\libs\connect-api-3.2.0.jar;C:\kafka\kafka_2.12-3.2.0\libs\connect-basic-auth-extension-3.2.0.jar;C:\kafka\kafka_2.12-3.2.0\libs\connect-file-3.2.0.jar;C:\kafka\kafka_2.12-3.2.0\libs\connect-json-3.2.0.jar;C:\kafka\kafka_2.12-3.2.0\libs\connect-mirror-3.2.0.jar;C:\kafka\kafka_2.12-3.2.0\libs\connect-mirror-client-3.2.0.jar;C:\kafka\kafka_2.12-3.2.0\libs\connect-runtime-3.2.0.jar;C:\kafka\kafka_2.12-3.2.0\libs\connect-transforms-3.2.0.jar;C:\kafka\kafka_2.12-3.2.0\libs\hk2-api-2.6.1.jar;C:\kafka\kafka_2.12-3.2.0\libs\hk2-locator-2.6.1.jar;C:\kafka\kafka_2.12-3.2.0\libs\hk2-utils-2.6.1.jar;C:\kafka\kafka_2.12-3.2.0\libs\jackson-annotations-2.12.6.jar;C:\kafka\kafka_2.12-3.2.0\libs\jackson-core-2.12.6.jar;C:\kafka\kafka_2.12-3.2.0\libs\jackson-databind-2.12.6.1.jar;C:\kafka\kafka_2.12-3.2.0\libs\jackson-dataformat-csv-2.12.6.jar;C:\kafka\kafka_2.12-3.2.0\libs\jackson-datatype-jdk8-2.12.6.jar;C:\kafka\kafka_2.12-3.2.0\libs\jackson-jaxrs-base-2.12.6.jar;C:\kafka\kafka_2.12-3.2.0\libs\jackson-jaxrs-json-provider-2.12.6.jar;C:\kafka\kafka_2.12-3.2.0\libs\jackson-module-jaxb-annotations-2.12.6.jar;C:\kafka\kafka_2.12-3.2.0\libs\jackson-module-scala_2.12-2.12.6.jar;C:\kafka\kafka_2.12-3.2.0\libs\jakarta.activation-api-1.2.1.jar;C:\kafka\kafka_2.12-3.2.0\libs\jakarta.annotation-api-1.3.5.jar;C:\kafka\kafka_2.12-3.2.0\libs\jakarta.inject-2.6.1.jar;C:\kafka\kafka_2.12-3.2.0\libs\jakarta.validation-api-2.0.2.jar;C:\kafka\kafka_2.12-3.2.0\libs\jakarta.ws.rs-api-2.1.6.jar;C:\kafka\kafka_2.12-3.2.0\libs\jakarta.xml.bind-api-2.3.2.jar;C:\kafka\kafka_2.12-3.2.0\libs\javassist-3.27.0-GA.jar;C:\kafka\kafka_2.12-3.2.0\libs\javax.servlet-api-3.1.0.jar;C:\kafka\kafka_2.12-3.2.0\libs\javax.ws.rs-api-2.1.1.jar;C:\kafka\kafka_2.12-3.2.0\libs\jaxb-api-2.3.0.jar;C:\kafka\kafka_2.12-3.2.0\libs\jersey-client-2.34.jar;C:\kafka\kafka_2.12-3.2.0\libs\jersey-common-2.34.jar;C:\kafka\kafka_2.12-3.2.0\libs\jersey-container-servlet-2.34.jar;C:\kafka\kafka_2.12-3.2.0\libs\jersey-container-servlet-core-2.34.jar;C:\kafka\kafka_2.12-3.2.0\libs\jersey-hk2-2.34.jar;C:\kafka\kafka_2.12-3.2.0\libs\jersey-server-2.34.jar;C:\kafka\kafka_2.12-3.2.0\libs\jetty-client-9.4.44.v20210927.jar;C:\kafka\kafka_2.12-3.2.0\libs\jetty-continuation-9.4.44.v20210927.jar;C:\kafka\kafka_2.12-3.2.0\libs\jetty-http-9.4.44.v20210927.jar;C:\kafka\kafka_2.12-3.2.0\libs\jetty-io-9.4.44.v20210927.jar;C:\kafka\kafka_2.12-3.2.0\libs\jetty-security-9.4.44.v20210927.jar;C:\kafka\kafka_2.12-3.2.0\libs\jetty-server-9.4.44.v20210927.jar;C:\kafka\kafka_2.12-3.2.0\libs\jetty-servlet-9.4.44.v20210927.jar;C:\kafka\kafka_2.12-3.2.0\libs\jetty-servlets-9.4.44.v20210927.jar;C:\kafka\kafka_2.12-3.2.0\libs\jetty-util-9.4.44.v20210927.jar;C:\kafka\kafka_2.12-3.2.0\libs\jetty-util-ajax-9.4.44.v20210927.jar;C:\kafka\kafka_2.12-3.2.0\libs\jline-3.21.0.jar;C:\kafka\kafka_2.12-3.2.0\libs\jopt-simple-5.0.4.jar;C:\kafka\kafka_2.12-3.2.0\libs\jose4j-0.7.9.jar;C:\kafka\kafka_2.12-3.2.0\libs\kafka-clients-3.2.0.jar;C:\kafka\kafka_2.12-3.2.0\libs\kafka-log4j-appender-3.2.0.jar;C:\kafka\kafka_2.12-3.2.0\libs\kafka-metadata-3.2.0.jar;C:\kafka\kafka_2.12-3.2.0\libs\kafka-raft-3.2.0.jar;C:\kafka\kafka_2.12-3.2.0\libs\kafka-server-common-3.2.0.jar;C:\kafka\kafka_2.12-3.2.0\libs\kafka-shell-3.2.0.jar;C:\kafka\kafka_2.12-3.2.0\libs\kafka-storage-3.2.0.jar;C:\kafka\kafka_2.12-3.2.0\libs\kafka-storage-api-3.2.0.jar;C:\kafka\kafka_2.12-3.2.0\libs\kafka-streams-3.2.0.jar;C:\kafka\kafka_2.12-3.2.0\libs\kafka-streams-examples-3.2.0.jar;C:\kafka\kafka_2.12-3.2.0\libs\kafka-streams-scala_2.12-3.2.0.jar;C:\kafka\kafka_2.12-3.2.0\libs\kafka-streams-test-utils-3.2.0.jar;C:\kafka\kafka_2.12-3.2.0\libs\kafka-tools-3.2.0.jar;C:\kafka\kafka_2.12-3.2.0\libs\kafka_2.12-3.2.0.jar;C:\kafka\kafka_2.12-3.2.0\libs\lz4-java-1.8.0.jar;C:\kafka\kafka_2.12-3.2.0\libs\maven-artifact-3.8.4.jar;C:\kafka\kafka_2.12-3.2.0\libs\metrics-core-2.2.0.jar;C:\kafka\kafka_2.12-3.2.0\libs\metrics-core-4.1.12.1.jar;C:\kafka\kafka_2.12-3.2.0\libs\netty-buffer-4.1.73.Final.jar;C:\kafka\kafka_2.12-3.2.0\libs\netty-codec-4.1.73.Final.jar;C:\kafka\kafka_2.12-3.2.0\libs\netty-common-4.1.73.Final.jar;C:\kafka\kafka_2.12-3.2.0\libs\netty-handler-4.1.73.Final.jar;C:\kafka\kafka_2.12-3.2.0\libs\netty-resolver-4.1.73.Final.jar;C:\kafka\kafka_2.12-3.2.0\libs\netty-tcnative-classes-2.0.46.Final.jar;C:\kafka\kafka_2.12-3.2.0\libs\netty-transport-4.1.73.Final.jar;C:\kafka\kafka_2.12-3.2.0\libs\netty-transport-classes-epoll-4.1.73.Final.jar;C:\kafka\kafka_2.12-3.2.0\libs\netty-transport-native-epoll-4.1.73.Final.jar;C:\kafka\kafka_2.12-3.2.0\libs\netty-transport-native-unix-common-4.1.73.Final.jar;C:\kafka\kafka_2.12-3.2.0\libs\osgi-resource-locator-1.0.3.jar;C:\kafka\kafka_2.12-3.2.0\libs\paranamer-2.8.jar;C:\kafka\kafka_2.12-3.2.0\libs\plexus-utils-3.3.0.jar;C:\kafka\kafka_2.12-3.2.0\libs\reflections-0.9.12.jar;C:\kafka\kafka_2.12-3.2.0\libs\reload4j-1.2.19.jar;C:\kafka\kafka_2.12-3.2.0\libs\rocksdbjni-6.29.4.1.jar;C:\kafka\kafka_2.12-3.2.0\libs\scala-collection-compat_2.12-2.6.0.jar;C:\kafka\kafka_2.12-3.2.0\libs\scala-java8-compat_2.12-1.0.2.jar;C:\kafka\kafka_2.12-3.2.0\libs\scala-library-2.12.15.jar;C:\kafka\kafka_2.12-3.2.0\libs\scala-logging_2.12-3.9.4.jar;C:\kafka\kafka_2.12-3.2.0\libs\scala-reflect-2.12.15.jar;C:\kafka\kafka_2.12-3.2.0\libs\slf4j-api-1.7.36.jar;C:\kafka\kafka_2.12-3.2.0\libs\slf4j-reload4j-1.7.36.jar;C:\kafka\kafka_2.12-3.2.0\libs\snappy-java-1.1.8.4.jar;C:\kafka\kafka_2.12-3.2.0\libs\trogdor-3.2.0.jar;C:\kafka\kafka_2.12-3.2.0\libs\zookeeper-3.6.3.jar;C:\kafka\kafka_2.12-3.2.0\libs\zookeeper-jute-3.6.3.jar;C:\kafka\kafka_2.12-3.2.0\libs\zstd-jni-1.5.2-1.jar (org.apache.zookeeper.server.ZooKeeperServer)
[2022-05-26 20:36:36,498] INFO Server environment:java.library.path=C:\Program Files\Java\jdk-18.0.1.1\bin;C:\WINDOWS\Sun\Java\bin;C:\WINDOWS\system32;C:\WINDOWS;C:\Program Files\Common Files\Oracle\Java\javapath;C:\Program Files (x86)\Common Files\Oracle\Java\javapath;C:\WINDOWS\system32;C:\WINDOWS;C:\WINDOWS\System32\Wbem;C:\WINDOWS\System32\WindowsPowerShell\v1.0\;C:\WINDOWS\System32\OpenSSH\;C:\Program Files\Git\cmd;C:\Program Files\Graphviz\bin;D:\rawr\Matlab\bin;C:\Users\olapu\AppData\Local\Microsoft\WindowsApps;C:\Users\olapu\AppData\Local\Programs\Microsoft VS Code\bin;C:\Users\olapu\AppData\Local\Google\Cloud SDK\google-cloud-sdk\bin;C:\Program Files\heroku\bin;C:\Program Files\MongoDB\Server\5.0\bin;;. (org.apache.zookeeper.server.ZooKeeperServer)
[2022-05-26 20:36:36,498] INFO Server environment:java.io.tmpdir=C:\Users\olapu\AppData\Local\Temp\ (org.apache.zookeeper.server.ZooKeeperServer)
[2022-05-26 20:36:36,499] INFO Server environment:java.compiler=<NA> (org.apache.zookeeper.server.ZooKeeperServer)
[2022-05-26 20:36:36,499] INFO Server environment:os.name=Windows 10 (org.apache.zookeeper.server.ZooKeeperServer)
[2022-05-26 20:36:36,500] INFO Server environment:os.arch=amd64 (org.apache.zookeeper.server.ZooKeeperServer)
[2022-05-26 20:36:36,500] INFO Server environment:os.version=10.0 (org.apache.zookeeper.server.ZooKeeperServer)
[2022-05-26 20:36:36,501] INFO Server environment:user.name=olapu (org.apache.zookeeper.server.ZooKeeperServer)
[2022-05-26 20:36:36,501] INFO Server environment:user.home=C:\Users\olapu (org.apache.zookeeper.server.ZooKeeperServer)
[2022-05-26 20:36:36,502] INFO Server environment:user.dir=C:\kafka\kafka_2.12-3.2.0 (org.apache.zookeeper.server.ZooKeeperServer)
[2022-05-26 20:36:36,502] INFO Server environment:os.memory.free=495MB (org.apache.zookeeper.server.ZooKeeperServer)
[2022-05-26 20:36:36,503] INFO Server environment:os.memory.max=512MB (org.apache.zookeeper.server.ZooKeeperServer)
[2022-05-26 20:36:36,507] INFO Server environment:os.memory.total=512MB (org.apache.zookeeper.server.ZooKeeperServer)
[2022-05-26 20:36:36,507] INFO zookeeper.enableEagerACLCheck = false (org.apache.zookeeper.server.ZooKeeperServer)
[2022-05-26 20:36:36,508] INFO zookeeper.digest.enabled = true (org.apache.zookeeper.server.ZooKeeperServer)
[2022-05-26 20:36:36,508] INFO zookeeper.closeSessionTxn.enabled = true (org.apache.zookeeper.server.ZooKeeperServer)
[2022-05-26 20:36:36,509] INFO zookeeper.flushDelay=0 (org.apache.zookeeper.server.ZooKeeperServer)
[2022-05-26 20:36:36,509] INFO zookeeper.maxWriteQueuePollTime=0 (org.apache.zookeeper.server.ZooKeeperServer)
[2022-05-26 20:36:36,510] INFO zookeeper.maxBatchSize=1000 (org.apache.zookeeper.server.ZooKeeperServer)
[2022-05-26 20:36:36,510] INFO zookeeper.intBufferStartingSizeBytes = 1024 (org.apache.zookeeper.server.ZooKeeperServer)
[2022-05-26 20:36:36,513] INFO Weighed connection throttling is disabled (org.apache.zookeeper.server.BlueThrottle)
[2022-05-26 20:36:36,515] INFO minSessionTimeout set to 6000 (org.apache.zookeeper.server.ZooKeeperServer)
[2022-05-26 20:36:36,515] INFO maxSessionTimeout set to 60000 (org.apache.zookeeper.server.ZooKeeperServer)
[2022-05-26 20:36:36,518] INFO Response cache size is initialized with value 400. (org.apache.zookeeper.server.ResponseCache)
[2022-05-26 20:36:36,518] INFO Response cache size is initialized with value 400. (org.apache.zookeeper.server.ResponseCache)
[2022-05-26 20:36:36,521] INFO zookeeper.pathStats.slotCapacity = 60 (org.apache.zookeeper.server.util.RequestPathMetricsCollector)
[2022-05-26 20:36:36,522] INFO zookeeper.pathStats.slotDuration = 15 (org.apache.zookeeper.server.util.RequestPathMetricsCollector)
[2022-05-26 20:36:36,523] INFO zookeeper.pathStats.maxDepth = 6 (org.apache.zookeeper.server.util.RequestPathMetricsCollector)
[2022-05-26 20:36:36,524] INFO zookeeper.pathStats.initialDelay = 5 (org.apache.zookeeper.server.util.RequestPathMetricsCollector)
[2022-05-26 20:36:36,524] INFO zookeeper.pathStats.delay = 5 (org.apache.zookeeper.server.util.RequestPathMetricsCollector)
[2022-05-26 20:36:36,525] INFO zookeeper.pathStats.enabled = false (org.apache.zookeeper.server.util.RequestPathMetricsCollector)
[2022-05-26 20:36:36,528] INFO The max bytes for all large requests are set to 104857600 (org.apache.zookeeper.server.ZooKeeperServer)
[2022-05-26 20:36:36,529] INFO The large request threshold is set to -1 (org.apache.zookeeper.server.ZooKeeperServer)
[2022-05-26 20:36:36,529] INFO Created server with tickTime 3000 minSessionTimeout 6000 maxSessionTimeout 60000 clientPortListenBacklog -1 datadir C:\kafka\kafka_2.12-3.2.0\zookeeper-data\version-2 snapdir C:\kafka\kafka_2.12-3.2.0\zookeeper-data\version-2 (org.apache.zookeeper.server.ZooKeeperServer)
[2022-05-26 20:36:36,556] INFO Using org.apache.zookeeper.server.NIOServerCnxnFactory as server connection factory (org.apache.zookeeper.server.ServerCnxnFactory)
[2022-05-26 20:36:36,558] WARN maxCnxns is not configured, using default value 0. (org.apache.zookeeper.server.ServerCnxnFactory)
[2022-05-26 20:36:36,561] INFO Configuring NIO connection handler with 10s sessionless connection timeout, 1 selector thread(s), 8 worker threads, and 64 kB direct buffers. (org.apache.zookeeper.server.NIOServerCnxnFactory)
[2022-05-26 20:36:36,565] INFO binding to port 0.0.0.0/0.0.0.0:2181 (org.apache.zookeeper.server.NIOServerCnxnFactory)
[2022-05-26 20:36:36,587] INFO Using org.apache.zookeeper.server.watch.WatchManager as watch manager (org.apache.zookeeper.server.watch.WatchManagerFactory)
[2022-05-26 20:36:36,588] INFO Using org.apache.zookeeper.server.watch.WatchManager as watch manager (org.apache.zookeeper.server.watch.WatchManagerFactory)
[2022-05-26 20:36:36,590] INFO zookeeper.snapshotSizeFactor = 0.33 (org.apache.zookeeper.server.ZKDatabase)
[2022-05-26 20:36:36,591] INFO zookeeper.commitLogCount=500 (org.apache.zookeeper.server.ZKDatabase)
[2022-05-26 20:36:36,597] INFO zookeeper.snapshot.compression.method = CHECKED (org.apache.zookeeper.server.persistence.SnapStream)
[2022-05-26 20:36:36,602] INFO Reading snapshot C:\kafka\kafka_2.12-3.2.0\zookeeper-data\version-2\snapshot.0 (org.apache.zookeeper.server.persistence.FileSnap)
[2022-05-26 20:36:36,609] INFO The digest value is empty in snapshot (org.apache.zookeeper.server.DataTree)
[2022-05-26 20:36:36,614] INFO Snapshot loaded in 22 ms, highest zxid is 0x0, digest is 1371985504 (org.apache.zookeeper.server.ZKDatabase)
[2022-05-26 20:36:36,614] INFO Snapshotting: 0x0 to C:\kafka\kafka_2.12-3.2.0\zookeeper-data\version-2\snapshot.0 (org.apache.zookeeper.server.persistence.FileTxnSnapLog)
[2022-05-26 20:36:36,617] INFO Snapshot taken in 3 ms (org.apache.zookeeper.server.ZooKeeperServer)
[2022-05-26 20:36:36,634] INFO PrepRequestProcessor (sid:0) started, reconfigEnabled=false (org.apache.zookeeper.server.PrepRequestProcessor)
[2022-05-26 20:36:36,634] INFO zookeeper.request_throttler.shutdownTimeout = 10000 (org.apache.zookeeper.server.RequestThrottler)
[2022-05-26 20:36:36,661] INFO Using checkIntervalMs=60000 maxPerMinute=10000 maxNeverUsedIntervalMs=0 (org.apache.zookeeper.server.ContainerManager)
[2022-05-26 20:36:36,662] INFO ZooKeeper audit is disabled. (org.apache.zookeeper.audit.ZKAuditProvider)
